[ 2017-06-19T08:58:50+08:00 ] 127.0.0.1 /
INFO: [ app_init ] --START--
INFO: Run Behavior\BuildLiteBehavior [ RunTime:0.000000s ]
INFO: [ app_init ] --END-- [ RunTime:0.002000s ]

[ 2017-06-19T10:27:03+08:00 ] 127.0.0.1 /
INFO: [ app_init ] --START--
INFO: Run Behavior\BuildLiteBehavior [ RunTime:0.000000s ]
INFO: [ app_init ] --END-- [ RunTime:0.000000s ]

[ 2017-06-19T10:27:05+08:00 ] 127.0.0.1 /Index/Mall/index.html
INFO: [ app_init ] --START--
INFO: Run Behavior\BuildLiteBehavior [ RunTime:0.000000s ]
INFO: [ app_init ] --END-- [ RunTime:0.000000s ]

[ 2017-06-19T10:27:07+08:00 ] 127.0.0.1 /Index/Orders/shopcart.html
INFO: [ app_init ] --START--
INFO: Run Behavior\BuildLiteBehavior [ RunTime:0.000000s ]
INFO: [ app_init ] --END-- [ RunTime:0.000000s ]

[ 2017-06-19T10:27:13+08:00 ] 127.0.0.1 /Index/Index/index.html
INFO: [ app_init ] --START--
INFO: Run Behavior\BuildLiteBehavior [ RunTime:0.000000s ]
INFO: [ app_init ] --END-- [ RunTime:0.000000s ]

[ 2017-06-19T10:27:15+08:00 ] 127.0.0.1 /Index/UserInfo/index.html
INFO: [ app_init ] --START--
INFO: Run Behavior\BuildLiteBehavior [ RunTime:0.000000s ]
INFO: [ app_init ] --END-- [ RunTime:0.000000s ]

[ 2017-06-19T10:27:17+08:00 ] 127.0.0.1 /Index/Mall/index.html
INFO: [ app_init ] --START--
INFO: Run Behavior\BuildLiteBehavior [ RunTime:0.000000s ]
INFO: [ app_init ] --END-- [ RunTime:0.000000s ]

[ 2017-06-19T10:27:21+08:00 ] 127.0.0.1 /Index/Mall/product/id/7.html
INFO: [ app_init ] --START--
INFO: Run Behavior\BuildLiteBehavior [ RunTime:0.000000s ]
INFO: [ app_init ] --END-- [ RunTime:0.000000s ]

[ 2017-06-19T10:27:23+08:00 ] 127.0.0.1 /Index/Mall/addcart.html
INFO: [ app_init ] --START--
INFO: Run Behavior\BuildLiteBehavior [ RunTime:0.000000s ]
INFO: [ app_init ] --END-- [ RunTime:0.001000s ]
INFO: [ app_begin ] --START--
INFO: Run Behavior\ReadHtmlCacheBehavior [ RunTime:0.001000s ]
INFO: [ app_begin ] --END-- [ RunTime:0.001000s ]
SQL: SHOW COLUMNS FROM `ms_user` [ RunTime:0.0050s ]
SQL: SELECT * FROM `ms_user` WHERE `phone` = '15069130853' LIMIT 1   [ RunTime:0.0000s ]
SQL: SHOW COLUMNS FROM `ms_products` [ RunTime:0.0060s ]
SQL: SELECT * FROM `ms_products` WHERE `id` = 7 LIMIT 1   [ RunTime:0.0010s ]
SQL: SHOW COLUMNS FROM `ms_shopcart` [ RunTime:0.0050s ]
SQL: SELECT * FROM `ms_shopcart` WHERE `uid` = 1 AND `productid` = 7 LIMIT 1   [ RunTime:0.0000s ]
SQL: INSERT INTO `ms_shopcart` (`uid`,`productid`,`num`,`addtime`) VALUES ('1','7','1','2017-06-19 10:27:23') [ RunTime:0.0000s ]

[ 2017-06-19T10:27:27+08:00 ] 127.0.0.1 /Index/Mall/product/id/2.html
INFO: [ app_init ] --START--
INFO: Run Behavior\BuildLiteBehavior [ RunTime:0.000000s ]
INFO: [ app_init ] --END-- [ RunTime:0.001000s ]

[ 2017-06-19T10:27:29+08:00 ] 127.0.0.1 /Index/Mall/addcart.html
INFO: [ app_init ] --START--
INFO: Run Behavior\BuildLiteBehavior [ RunTime:0.000000s ]
INFO: [ app_init ] --END-- [ RunTime:0.001000s ]
INFO: [ app_begin ] --START--
INFO: Run Behavior\ReadHtmlCacheBehavior [ RunTime:0.000000s ]
INFO: [ app_begin ] --END-- [ RunTime:0.000000s ]
SQL: SHOW COLUMNS FROM `ms_user` [ RunTime:0.0050s ]
SQL: SELECT * FROM `ms_user` WHERE `phone` = '15069130853' LIMIT 1   [ RunTime:0.0000s ]
SQL: SHOW COLUMNS FROM `ms_products` [ RunTime:0.0050s ]
SQL: SELECT * FROM `ms_products` WHERE `id` = 2 LIMIT 1   [ RunTime:0.0000s ]
SQL: SHOW COLUMNS FROM `ms_shopcart` [ RunTime:0.0060s ]
SQL: SELECT * FROM `ms_shopcart` WHERE `uid` = 1 AND `productid` = 2 LIMIT 1   [ RunTime:0.0000s ]
SQL: INSERT INTO `ms_shopcart` (`uid`,`productid`,`num`,`addtime`) VALUES ('1','2','1','2017-06-19 10:27:29') [ RunTime:0.0010s ]

[ 2017-06-19T10:27:35+08:00 ] 127.0.0.1 /Index/Mall/product/id/3.html
INFO: [ app_init ] --START--
INFO: Run Behavior\BuildLiteBehavior [ RunTime:0.000000s ]
INFO: [ app_init ] --END-- [ RunTime:0.000000s ]

[ 2017-06-19T10:27:38+08:00 ] 127.0.0.1 /Index/Mall/addcart.html
INFO: [ app_init ] --START--
INFO: Run Behavior\BuildLiteBehavior [ RunTime:0.000000s ]
INFO: [ app_init ] --END-- [ RunTime:0.000000s ]
INFO: [ app_begin ] --START--
INFO: Run Behavior\ReadHtmlCacheBehavior [ RunTime:0.001000s ]
INFO: [ app_begin ] --END-- [ RunTime:0.001000s ]
SQL: SHOW COLUMNS FROM `ms_user` [ RunTime:0.0050s ]
SQL: SELECT * FROM `ms_user` WHERE `phone` = '15069130853' LIMIT 1   [ RunTime:0.0010s ]
SQL: SHOW COLUMNS FROM `ms_products` [ RunTime:0.0050s ]
SQL: SELECT * FROM `ms_products` WHERE `id` = 3 LIMIT 1   [ RunTime:0.0000s ]
SQL: SHOW COLUMNS FROM `ms_shopcart` [ RunTime:0.0040s ]
SQL: SELECT * FROM `ms_shopcart` WHERE `uid` = 1 AND `productid` = 3 LIMIT 1   [ RunTime:0.0000s ]
SQL: INSERT INTO `ms_shopcart` (`uid`,`productid`,`num`,`addtime`) VALUES ('1','3','2','2017-06-19 10:27:38') [ RunTime:0.0000s ]

[ 2017-06-19T10:27:40+08:00 ] 127.0.0.1 /Index/Orders/shopcart.html
INFO: [ app_init ] --START--
INFO: Run Behavior\BuildLiteBehavior [ RunTime:0.000000s ]
INFO: [ app_init ] --END-- [ RunTime:0.000000s ]

[ 2017-06-19T10:27:43+08:00 ] 127.0.0.1 /Index/Orders/doorder.html?orderIds=56%2C55%2C54%2C
INFO: [ app_init ] --START--
INFO: Run Behavior\BuildLiteBehavior [ RunTime:0.000000s ]
INFO: [ app_init ] --END-- [ RunTime:0.000000s ]

[ 2017-06-19T10:27:51+08:00 ] 127.0.0.1 /Index/Orders/order.html
INFO: [ app_init ] --START--
INFO: Run Behavior\BuildLiteBehavior [ RunTime:0.000000s ]
INFO: [ app_init ] --END-- [ RunTime:0.000000s ]

[ 2017-06-19T10:27:52+08:00 ] 127.0.0.1 /Index/Orders/pay/id/6.html
INFO: [ app_init ] --START--
INFO: Run Behavior\BuildLiteBehavior [ RunTime:0.000000s ]
INFO: [ app_init ] --END-- [ RunTime:0.000000s ]

[ 2017-06-19T10:27:54+08:00 ] 127.0.0.1 /Index/Orders/pay
INFO: [ app_init ] --START--
INFO: Run Behavior\BuildLiteBehavior [ RunTime:0.000000s ]
INFO: [ app_init ] --END-- [ RunTime:0.000000s ]

[ 2017-06-19T10:27:57+08:00 ] 127.0.0.1 /Index/Orders/send.html
INFO: [ app_init ] --START--
INFO: Run Behavior\BuildLiteBehavior [ RunTime:0.000000s ]
INFO: [ app_init ] --END-- [ RunTime:0.000000s ]

[ 2017-06-19T14:56:23+08:00 ] 127.0.0.1 /Index/Orders/send.html
INFO: [ app_init ] --START--
INFO: Run Behavior\BuildLiteBehavior [ RunTime:0.000000s ]
INFO: [ app_init ] --END-- [ RunTime:0.000000s ]

[ 2017-06-19T14:56:24+08:00 ] 127.0.0.1 /Index/Orders/index.html
INFO: [ app_init ] --START--
INFO: Run Behavior\BuildLiteBehavior [ RunTime:0.000000s ]
INFO: [ app_init ] --END-- [ RunTime:0.000000s ]

[ 2017-06-19T14:56:25+08:00 ] 127.0.0.1 /Index/Orders/index.html
INFO: [ app_init ] --START--
INFO: Run Behavior\BuildLiteBehavior [ RunTime:0.000000s ]
INFO: [ app_init ] --END-- [ RunTime:0.000000s ]

[ 2017-06-19T14:56:26+08:00 ] 127.0.0.1 /Index/Orders/pay/id/2.html
INFO: [ app_init ] --START--
INFO: Run Behavior\BuildLiteBehavior [ RunTime:0.000000s ]
INFO: [ app_init ] --END-- [ RunTime:0.001000s ]

[ 2017-06-19T14:56:28+08:00 ] 127.0.0.1 /Index/Orders/pay
INFO: [ app_init ] --START--
INFO: Run Behavior\BuildLiteBehavior [ RunTime:0.001000s ]
INFO: [ app_init ] --END-- [ RunTime:0.001000s ]

[ 2017-06-19T14:56:32+08:00 ] 127.0.0.1 /Index/Orders/send.html
INFO: [ app_init ] --START--
INFO: Run Behavior\BuildLiteBehavior [ RunTime:0.000000s ]
INFO: [ app_init ] --END-- [ RunTime:0.001000s ]

[ 2017-06-19T18:18:17+08:00 ] 127.0.0.1 /
INFO: [ app_init ] --START--
INFO: Run Behavior\BuildLiteBehavior [ RunTime:0.000000s ]
INFO: [ app_init ] --END-- [ RunTime:0.000000s ]
INFO: [ app_begin ] --START--
INFO: Run Behavior\ReadHtmlCacheBehavior [ RunTime:0.000000s ]
INFO: [ app_begin ] --END-- [ RunTime:0.000000s ]
SQL: SHOW COLUMNS FROM `ms_orders` [ RunTime:0.0060s ]
SQL: UPDATE `ms_orders` SET `orderstatus`='4' WHERE ( orderstatus=3 AND fhtime < '2017-06-04 18:18:17' ) [ RunTime:0.0010s ]
SQL: SHOW COLUMNS FROM `ms_news` [ RunTime:0.0050s ]
SQL: SELECT * FROM `ms_news` WHERE `tuijian` = 1 AND `pid` = 1 ORDER BY addtime DESC LIMIT 10   [ RunTime:0.0000s ]
SQL: SHOW COLUMNS FROM `ms_category` [ RunTime:0.0060s ]
SQL: SELECT `title` FROM `ms_category` WHERE `id` = 8 LIMIT 1   [ RunTime:0.0000s ]
SQL: SELECT `title` FROM `ms_category` WHERE `id` = 9 LIMIT 1   [ RunTime:0.0010s ]
INFO: [ view_parse ] --START--
INFO: [ template_filter ] --START--
INFO: Run Behavior\ContentReplaceBehavior [ RunTime:0.000000s ]
INFO: [ template_filter ] --END-- [ RunTime:0.000000s ]
INFO: [ view_parse ] --START--
INFO: [ template_filter ] --START--
INFO: Run Behavior\ContentReplaceBehavior [ RunTime:0.000000s ]
INFO: [ template_filter ] --END-- [ RunTime:-0.003000s ]
INFO: Run Behavior\ParseTemplateBehavior [ RunTime:0.003000s ]
INFO: [ view_parse ] --END-- [ RunTime:0.003000s ]
INFO: [ view_filter ] --START--
INFO: Run Behavior\WriteHtmlCacheBehavior [ RunTime:0.000000s ]
INFO: [ view_filter ] --END-- [ RunTime:0.000000s ]
INFO: Run Behavior\ParseTemplateBehavior [ RunTime:0.003000s ]
INFO: [ view_parse ] --END-- [ RunTime:0.003000s ]
INFO: [ view_filter ] --START--
INFO: Run Behavior\WriteHtmlCacheBehavior [ RunTime:0.000000s ]
INFO: [ view_filter ] --END-- [ RunTime:0.000000s ]
INFO: [ app_end ] --START--
INFO: Run Behavior\ShowPageTraceBehavior [ RunTime:0.001000s ]
INFO: [ app_end ] --END-- [ RunTime:0.001000s ]

[ 2017-06-19T18:18:20+08:00 ] 127.0.0.1 /
INFO: [ app_init ] --START--
INFO: Run Behavior\BuildLiteBehavior [ RunTime:0.000000s ]
INFO: [ app_init ] --END-- [ RunTime:0.000000s ]
INFO: [ app_begin ] --START--
INFO: Run Behavior\ReadHtmlCacheBehavior [ RunTime:0.000000s ]
INFO: [ app_begin ] --END-- [ RunTime:0.000000s ]
SQL: SHOW COLUMNS FROM `ms_orders` [ RunTime:0.0070s ]
SQL: UPDATE `ms_orders` SET `orderstatus`='4' WHERE ( orderstatus=3 AND fhtime < '2017-06-04 18:18:20' ) [ RunTime:0.0010s ]
SQL: SHOW COLUMNS FROM `ms_news` [ RunTime:0.0070s ]
SQL: SELECT * FROM `ms_news` WHERE `tuijian` = 1 AND `pid` = 1 ORDER BY addtime DESC LIMIT 10   [ RunTime:0.0010s ]
SQL: SHOW COLUMNS FROM `ms_category` [ RunTime:0.0050s ]
SQL: SELECT `title` FROM `ms_category` WHERE `id` = 8 LIMIT 1   [ RunTime:0.0000s ]
SQL: SELECT `title` FROM `ms_category` WHERE `id` = 9 LIMIT 1   [ RunTime:0.0000s ]
INFO: [ view_parse ] --START--
INFO: [ template_filter ] --START--
INFO: Run Behavior\ContentReplaceBehavior [ RunTime:0.000000s ]
INFO: [ template_filter ] --END-- [ RunTime:0.000000s ]
INFO: [ view_parse ] --START--
INFO: [ template_filter ] --START--
INFO: Run Behavior\ContentReplaceBehavior [ RunTime:0.000000s ]
INFO: [ template_filter ] --END-- [ RunTime:-0.004000s ]
INFO: Run Behavior\ParseTemplateBehavior [ RunTime:0.003000s ]
INFO: [ view_parse ] --END-- [ RunTime:0.003000s ]
INFO: [ view_filter ] --START--
INFO: Run Behavior\WriteHtmlCacheBehavior [ RunTime:0.000000s ]
INFO: [ view_filter ] --END-- [ RunTime:0.000000s ]
INFO: Run Behavior\ParseTemplateBehavior [ RunTime:0.003000s ]
INFO: [ view_parse ] --END-- [ RunTime:0.003000s ]
INFO: [ view_filter ] --START--
INFO: Run Behavior\WriteHtmlCacheBehavior [ RunTime:0.000000s ]
INFO: [ view_filter ] --END-- [ RunTime:0.000000s ]
INFO: [ app_end ] --START--
INFO: Run Behavior\ShowPageTraceBehavior [ RunTime:0.001000s ]
INFO: [ app_end ] --END-- [ RunTime:0.001000s ]

[ 2017-06-19T18:18:21+08:00 ] 127.0.0.1 /
INFO: [ app_init ] --START--
INFO: Run Behavior\BuildLiteBehavior [ RunTime:0.000000s ]
INFO: [ app_init ] --END-- [ RunTime:0.001000s ]
INFO: [ app_begin ] --START--
INFO: Run Behavior\ReadHtmlCacheBehavior [ RunTime:0.001000s ]
INFO: [ app_begin ] --END-- [ RunTime:0.001000s ]
SQL: SHOW COLUMNS FROM `ms_orders` [ RunTime:0.0060s ]
SQL: UPDATE `ms_orders` SET `orderstatus`='4' WHERE ( orderstatus=3 AND fhtime < '2017-06-04 18:18:21' ) [ RunTime:0.0000s ]
SQL: SHOW COLUMNS FROM `ms_news` [ RunTime:0.0060s ]
SQL: SELECT * FROM `ms_news` WHERE `tuijian` = 1 AND `pid` = 1 ORDER BY addtime DESC LIMIT 10   [ RunTime:0.0000s ]
SQL: SHOW COLUMNS FROM `ms_category` [ RunTime:0.0060s ]
SQL: SELECT `title` FROM `ms_category` WHERE `id` = 8 LIMIT 1   [ RunTime:0.0000s ]
SQL: SELECT `title` FROM `ms_category` WHERE `id` = 9 LIMIT 1   [ RunTime:0.0000s ]
INFO: [ view_parse ] --START--
INFO: [ template_filter ] --START--
INFO: Run Behavior\ContentReplaceBehavior [ RunTime:0.000000s ]
INFO: [ template_filter ] --END-- [ RunTime:0.000000s ]
INFO: [ view_parse ] --START--
INFO: [ template_filter ] --START--
INFO: Run Behavior\ContentReplaceBehavior [ RunTime:0.000000s ]
INFO: [ template_filter ] --END-- [ RunTime:-0.003000s ]
INFO: Run Behavior\ParseTemplateBehavior [ RunTime:0.003000s ]
INFO: [ view_parse ] --END-- [ RunTime:0.003000s ]
INFO: [ view_filter ] --START--
INFO: Run Behavior\WriteHtmlCacheBehavior [ RunTime:0.000000s ]
INFO: [ view_filter ] --END-- [ RunTime:0.000000s ]
INFO: Run Behavior\ParseTemplateBehavior [ RunTime:0.003000s ]
INFO: [ view_parse ] --END-- [ RunTime:0.003000s ]
INFO: [ view_filter ] --START--
INFO: Run Behavior\WriteHtmlCacheBehavior [ RunTime:0.000000s ]
INFO: [ view_filter ] --END-- [ RunTime:0.000000s ]
INFO: [ app_end ] --START--
INFO: Run Behavior\ShowPageTraceBehavior [ RunTime:0.001000s ]
INFO: [ app_end ] --END-- [ RunTime:0.001000s ]

[ 2017-06-19T18:18:21+08:00 ] 127.0.0.1 /
INFO: [ app_init ] --START--
INFO: Run Behavior\BuildLiteBehavior [ RunTime:0.000000s ]
INFO: [ app_init ] --END-- [ RunTime:0.000000s ]
INFO: [ app_begin ] --START--
INFO: Run Behavior\ReadHtmlCacheBehavior [ RunTime:0.000000s ]
INFO: [ app_begin ] --END-- [ RunTime:0.000000s ]
SQL: SHOW COLUMNS FROM `ms_orders` [ RunTime:0.0060s ]
SQL: UPDATE `ms_orders` SET `orderstatus`='4' WHERE ( orderstatus=3 AND fhtime < '2017-06-04 18:18:21' ) [ RunTime:0.0010s ]
SQL: SHOW COLUMNS FROM `ms_news` [ RunTime:0.0060s ]
SQL: SELECT * FROM `ms_news` WHERE `tuijian` = 1 AND `pid` = 1 ORDER BY addtime DESC LIMIT 10   [ RunTime:0.0000s ]
SQL: SHOW COLUMNS FROM `ms_category` [ RunTime:0.0050s ]
SQL: SELECT `title` FROM `ms_category` WHERE `id` = 8 LIMIT 1   [ RunTime:0.0010s ]
SQL: SELECT `title` FROM `ms_category` WHERE `id` = 9 LIMIT 1   [ RunTime:0.0000s ]
INFO: [ view_parse ] --START--
INFO: [ template_filter ] --START--
INFO: Run Behavior\ContentReplaceBehavior [ RunTime:0.000000s ]
INFO: [ template_filter ] --END-- [ RunTime:0.000000s ]
INFO: [ view_parse ] --START--
INFO: [ template_filter ] --START--
INFO: Run Behavior\ContentReplaceBehavior [ RunTime:0.001000s ]
INFO: [ template_filter ] --END-- [ RunTime:-0.003000s ]
INFO: Run Behavior\ParseTemplateBehavior [ RunTime:0.003000s ]
INFO: [ view_parse ] --END-- [ RunTime:0.003000s ]
INFO: [ view_filter ] --START--
INFO: Run Behavior\WriteHtmlCacheBehavior [ RunTime:0.000000s ]
INFO: [ view_filter ] --END-- [ RunTime:0.000000s ]
INFO: Run Behavior\ParseTemplateBehavior [ RunTime:0.003000s ]
INFO: [ view_parse ] --END-- [ RunTime:0.003000s ]
INFO: [ view_filter ] --START--
INFO: Run Behavior\WriteHtmlCacheBehavior [ RunTime:0.000000s ]
INFO: [ view_filter ] --END-- [ RunTime:0.000000s ]
INFO: [ app_end ] --START--
INFO: Run Behavior\ShowPageTraceBehavior [ RunTime:0.001000s ]
INFO: [ app_end ] --END-- [ RunTime:0.001000s ]

[ 2017-06-19T18:18:22+08:00 ] 127.0.0.1 /
INFO: [ app_init ] --START--
INFO: Run Behavior\BuildLiteBehavior [ RunTime:0.000000s ]
INFO: [ app_init ] --END-- [ RunTime:0.000000s ]
INFO: [ app_begin ] --START--
INFO: Run Behavior\ReadHtmlCacheBehavior [ RunTime:0.000000s ]
INFO: [ app_begin ] --END-- [ RunTime:0.000000s ]
SQL: SHOW COLUMNS FROM `ms_orders` [ RunTime:0.0060s ]
SQL: UPDATE `ms_orders` SET `orderstatus`='4' WHERE ( orderstatus=3 AND fhtime < '2017-06-04 18:18:22' ) [ RunTime:0.0000s ]
SQL: SHOW COLUMNS FROM `ms_news` [ RunTime:0.0060s ]
SQL: SELECT * FROM `ms_news` WHERE `tuijian` = 1 AND `pid` = 1 ORDER BY addtime DESC LIMIT 10   [ RunTime:0.0000s ]
SQL: SHOW COLUMNS FROM `ms_category` [ RunTime:0.0060s ]
SQL: SELECT `title` FROM `ms_category` WHERE `id` = 8 LIMIT 1   [ RunTime:0.0000s ]
SQL: SELECT `title` FROM `ms_category` WHERE `id` = 9 LIMIT 1   [ RunTime:0.0010s ]
INFO: [ view_parse ] --START--
INFO: [ template_filter ] --START--
INFO: Run Behavior\ContentReplaceBehavior [ RunTime:0.001000s ]
INFO: [ template_filter ] --END-- [ RunTime:0.001000s ]
INFO: [ view_parse ] --START--
INFO: [ template_filter ] --START--
INFO: Run Behavior\ContentReplaceBehavior [ RunTime:0.000000s ]
INFO: [ template_filter ] --END-- [ RunTime:-0.003000s ]
INFO: Run Behavior\ParseTemplateBehavior [ RunTime:0.003000s ]
INFO: [ view_parse ] --END-- [ RunTime:0.003000s ]
INFO: [ view_filter ] --START--
INFO: Run Behavior\WriteHtmlCacheBehavior [ RunTime:0.000000s ]
INFO: [ view_filter ] --END-- [ RunTime:0.000000s ]
INFO: Run Behavior\ParseTemplateBehavior [ RunTime:0.003000s ]
INFO: [ view_parse ] --END-- [ RunTime:0.003000s ]
INFO: [ view_filter ] --START--
INFO: Run Behavior\WriteHtmlCacheBehavior [ RunTime:0.000000s ]
INFO: [ view_filter ] --END-- [ RunTime:0.000000s ]
INFO: [ app_end ] --START--
INFO: Run Behavior\ShowPageTraceBehavior [ RunTime:0.001000s ]
INFO: [ app_end ] --END-- [ RunTime:0.001000s ]

